C:\PROJECTS\PRINTER\PRINTER\UT\PRINT_UT\DEBUG\PRINT_UT.EXE
C:\PROJECTS\PRINTER\PRINTER\UT\PRINT_UT\DEBUG\PRINT_UT.ILK
C:\PROJECTS\PRINTER\PRINTER\UT\PRINT_UT\DEBUG\PRINT_UT.PDB
C:\Projects\printer\Printer\ut\Print_ut\Print_ut\Debug\cl.command.1.tlog
C:\Projects\printer\Printer\ut\Print_ut\Print_ut\Debug\CL.read.1.tlog
C:\Projects\printer\Printer\ut\Print_ut\Print_ut\Debug\CL.write.1.tlog
C:\PROJECTS\PRINTER\PRINTER\UT\PRINT_UT\PRINT_UT\DEBUG\COM_MSGHANDLER.OBJ
C:\Projects\printer\Printer\ut\Print_ut\Print_ut\Debug\link.3744.read.1.tlog
C:\Projects\printer\Printer\ut\Print_ut\Print_ut\Debug\link.3744.write.1.tlog
C:\Projects\printer\Printer\ut\Print_ut\Print_ut\Debug\link.3744-cvtres.read.1.tlog
C:\Projects\printer\Printer\ut\Print_ut\Print_ut\Debug\link.3744-cvtres.write.1.tlog
C:\Projects\printer\Printer\ut\Print_ut\Print_ut\Debug\link.command.1.tlog
C:\Projects\printer\Printer\ut\Print_ut\Print_ut\Debug\link.read.1.tlog
C:\Projects\printer\Printer\ut\Print_ut\Print_ut\Debug\link.write.1.tlog
C:\Projects\printer\Printer\ut\Print_ut\Print_ut\Debug\link-cvtres.read.1.tlog
C:\Projects\printer\Printer\ut\Print_ut\Print_ut\Debug\link-cvtres.write.1.tlog
C:\Projects\printer\Printer\ut\Print_ut\Print_ut\Debug\mt.command.1.tlog
C:\Projects\printer\Printer\ut\Print_ut\Print_ut\Debug\mt.read.1.tlog
C:\Projects\printer\Printer\ut\Print_ut\Print_ut\Debug\mt.write.1.tlog
C:\PROJECTS\PRINTER\PRINTER\UT\PRINT_UT\PRINT_UT\DEBUG\PRINT_UT.EXE.EMBED.MANIFEST
C:\PROJECTS\PRINTER\PRINTER\UT\PRINT_UT\PRINT_UT\DEBUG\PRINT_UT.EXE.EMBED.MANIFEST.RES
C:\PROJECTS\PRINTER\PRINTER\UT\PRINT_UT\PRINT_UT\DEBUG\PRINT_UT.EXE.INTERMEDIATE.MANIFEST
C:\Projects\printer\Printer\ut\Print_ut\Print_ut\Debug\Print_ut_manifest.rc
C:\Projects\printer\Printer\ut\Print_ut\Print_ut\Debug\rc.command.1.tlog
C:\Projects\printer\Printer\ut\Print_ut\Print_ut\Debug\rc.read.1.tlog
C:\Projects\printer\Printer\ut\Print_ut\Print_ut\Debug\rc.write.1.tlog
C:\PROJECTS\PRINTER\PRINTER\UT\PRINT_UT\PRINT_UT\DEBUG\STUB.OBJ
C:\PROJECTS\PRINTER\PRINTER\UT\PRINT_UT\PRINT_UT\DEBUG\UT_MAIN.OBJ
C:\Projects\printer\Printer\ut\Print_ut\Print_ut\Debug\vc100.idb
C:\PROJECTS\PRINTER\PRINTER\UT\PRINT_UT\PRINT_UT\DEBUG\VC100.PDB
